
Q: What was the model year of the Ford Pinto involved in the accident?
Expected A: 1972
System A: The model year of the Ford Pinto involved in the accident was 1972. This is specifically mentioned multiple times in the context regarding the accident and the subsequent lawsuit.
Is correct: True
--------------------------------------------------

Q: Who was the executive vice president of Ford who conceived the Pinto project?
Expected A: Lee Iacocca
System A: The executive vice president of Ford who conceived the Pinto project was Mr. Iacocca.
Is correct: False
--------------------------------------------------

Q: What was the weight target for the Pinto set by Ford?
Expected A: 2,000 pounds
System A: The weight target for the Pinto set by Ford was at or below 2,000 pounds. This information is derived from the context indicating that the Pinto was designed to meet this weight requirement as part of its development objectives.
Is correct: True
--------------------------------------------------

Q: On what date did the accident involving Lily Gray and Richard Grimshaw occur?
Expected A: May 28, 1972
System A: The accident involving Lily Gray and Richard Grimshaw occurred on May 28, 1972. This information is detailed in the context provided.
Is correct: True
--------------------------------------------------

Q: What was the speed of the Ford Galaxie at the moment of impact with the Pinto?
Expected A: 28 to 37 miles per hour
System A: The speed of the Ford Galaxie at the moment of impact with the Pinto was between 28 to 37 miles per hour. This information is derived from the context describing the accident, where it states that the Galaxie had been traveling from 50 to 55 miles per hour but had braked to a speed within that range prior to the collision.
Is correct: True
--------------------------------------------------

Q: What factors influenced the placement of the fuel tank in the Ford Pinto?
Expected A: Styling decisions that preceded engineering design
System A: The placement of the fuel tank in the Ford Pinto was primarily influenced by design decisions driven by styling preferences rather than engineering safety standards. Specifically, Ford's objective was to create a subcompact automobile that weighed at or below 2,000 pounds and sold for no more than $2,000. As a result, the styling dictated that the fuel tank be positioned behind the rear axle, which left only 9 or 10 inches of crush space—a significantly lower amount compared to other vehicles. This decision contradicted preferred practices at the time, especially among European and Japanese manufacturers, which typically placed the fuel tank over the rear axle for improved safety.

Additionally, the Pinto's rear structure lacked substantial reinforcing members, which decreased its crush resistance. Management's focus on cost-saving and production efficiency also played a role, as design changes that could have enhanced safety were deemed too expensive to implement, despite being relatively inexpensive compared to the potential risk to consumer safety.

In summary, the fuel tank’s placement was predominantly influenced by design aesthetics and cost considerations, leading to a compromised safety standard.
Is correct: True
--------------------------------------------------

Q: How did Ford's crash tests reveal the Pinto's fuel system vulnerabilities?
Expected A: Tests showed fuel tank punctures and fuel leakage at low speeds
System A: Ford's crash tests revealed the Pinto's fuel system vulnerabilities by demonstrating that the fuel tank could be punctured during rear-end collisions. Tests showed that at speeds as low as 21 miles per hour, the fuel tank was driven forward and punctured due to exposed bolt heads on the differential housing. This resulted in fuel leakage that exceeded safety standards, indicating that the fuel system was not adequately designed to withstand impacts at both the proposed federal standards of 20 miles per hour and 30 miles per hour. Additionally, tests indicated that fuel could enter the passenger compartment through gaps created by the separation of rear wheel well sections from the floor pan, further underscoring the deficiencies in the Pinto's design. 

The specific details related to test speeds, the nature of the punctures, and the resulting fuel leakage clearly identified the critical design flaws that posed a significant danger to occupants in the event of a crash.
Is correct: True
--------------------------------------------------

Q: What was the estimated cost to fix the Pinto's fuel tank design, and how did Ford justify not implementing it?
Expected A: $6.40 per vehicle, justified by cost-benefit analysis
System A: The estimated cost to implement safety features in the Pinto's fuel tank design was approximately $4 to $8 per vehicle for a bladder or "flak suit." Ford justified not implementing these safety features by deciding to defer corrective measures to save money, resulting in a projected savings of $20.9 million. This decision was made despite management's knowledge that the Pinto's fuel system could be made safe at a relatively low cost.
Is correct: True
--------------------------------------------------

Q: How did the court define 'malice' in the context of the Ford Pinto case?
Expected A: Conscious disregard for the safety of others
System A: The court defined 'malice' in the context of the Ford Pinto case as follows: "Malice means a motive and willingness to vex, harass, annoy or injure another person. Malice may be inferred from acts and conduct, such as by showing that the defendant's conduct was wilful, intentional, and done in conscious disregard of its possible results." This definition indicates that malice can be inferred from willful and reckless behavior that disregards the potential consequences of one's actions. 

No additional context or specifics regarding interpretations or applications of this definition in the case were provided in the excerpts.
Is correct: True
--------------------------------------------------

Q: What was the initial punitive damage award for Grimshaw, and how was it later modified?
Expected A: $125 million, reduced to $3.5 million
System A: The initial punitive damage award for Grimshaw was $125 million. It was later modified when the court required Grimshaw to remit all but $3.5 million of the punitive award as a condition for denying Ford's motion for a new trial.
Is correct: True
--------------------------------------------------

Q: How did Ford's 'rush' development of the Pinto affect its safety design?
Expected A: Styling preceded engineering, dictating design choices
System A: Ford's 'rush' development of the Pinto resulted in the car's design prioritizing styling over safety considerations. The fuel tank was placed behind the rear axle, leaving inadequate "crush space" and making it more susceptible to puncture in rear-end collisions. Additionally, the Pinto's rear structure lacked critical reinforcing members, rendering it less crush resistant compared to other vehicles. This rush meant that engineering studies and safety tests, typically conducted before finalizing design, were compromised, leading to a vehicle that did not meet safety standards and contributed to serious injuries in accidents. The specific details on the decision-making processes and the absence of safety features due to cost considerations are evident, but a complete analysis of alternative safety designs that could have been implemented under a more thorough development timeline is not detailed.
Is correct: True
--------------------------------------------------

Q: What evidence suggested that Ford was aware of the Pinto's safety issues before its release?
Expected A: Crash test results and engineer testimonies
System A: Evidence suggested that Ford was aware of the Pinto's safety issues before its release through several key points:

1. **Crash Test Results**: There were crash tests that demonstrated the vulnerability of the Pinto's fuel tank design, showing that it could rupture in low-speed collisions. Specifically, the tests indicated a significant risk of injury or death due to fire in the event of a rear-end collision.

2. **Management Meetings**: Vice presidents of Ford, including Harold MacDonald and Robert Alexander, were present during meetings where the test results and potential safety improvements were discussed. It was inferred that management was aware of the defects and chose to defer safety measures for cost-saving reasons.

3. **Documentation**: Reports, such as Exhibit No. 125, recommended delaying the addition of safety features (referred to as "flak suits" or "bladders") despite knowledge that implementing these could improve safety at a relatively low cost of $4 to $8 per car.

4. **Expert Testimony**: An engineering executive at Ford, Mr. Harley Copp, testified about Ford's knowledge of the safety issues and the designs that could have rectified them, indicating that the company made decisions based on cost-benefit analyses that neglected consumer safety.

In summary, the evidence paints a picture of Ford's awareness of the Pinto's safety issues through crash tests, management's involvement in decision-making, and internal documentation highlighting potential modifications that were not pursued.
Is correct: True
--------------------------------------------------

Q: How did the Pinto case impact the legal understanding of corporate responsibility and product liability?
Expected A: Established precedent for punitive damages in product liability cases
System A: The Pinto case significantly impacted the legal understanding of corporate responsibility and product liability by reinforcing the notion that a corporation can be held liable for punitive damages even in cases of unintentional torts, where it demonstrated a conscious disregard for public safety. The court found substantial evidence that Ford's management was aware of the Pinto's design flaws, which exposed consumers to serious risks, and yet chose not to rectify the issues due to cost considerations. This case underscored that corporate malice could be established by demonstrating an indifference to the potential for harm, thus expanding the scope of product liability and the accountability of companies for their products. Furthermore, it illustrated that punitive damages could be awarded when corporate actions reflect a willingness to engage in conduct that knowingly endangered consumers, emphasizing the importance of ethical responsibility in product design and safety considerations.

Overall, the case articulated that a manufacturer cannot evade liability for its decisions by merely assigning nonmanagerial titles to employees making crucial safety decisions, thereby reinforcing the principle of corporate accountability in product safety. What remains less clear from the provided context is the specific legal changes or amendments that may have followed this case in product liability legislation, as well as broader societal implications regarding consumer protection that may have resulted from the heightened awareness of corporate practices.
Is correct: True
--------------------------------------------------

Q: What was the significance of the 'crush space' in the Pinto's design, and how did it compare to other vehicles?
Expected A: 9-10 inches, less than other American cars
System A: The 'crush space' in the Pinto's design was significant because it determined how much the car could deform in a rear-end collision before the fuel tank could be punctured, thereby affecting the integrity of the fuel system and the safety of the vehicle occupants. The Pinto had only 9 or 10 inches of crush space, which was considerably less than that of larger cars or other American automobiles. This limited crush space made the Pinto more vulnerable to fuel tank damage during collisions, increasing the risk of fire upon impact. The context indicates that European and Japanese subcompacts typically placed the gas tank over the rear axle, a design that allowed for better safety in similar crash scenarios. However, the Pinto's styling dictated that the fuel tank was located behind the rear axle, which contributed to its compromised safety. Specific comparative data regarding the exact crush space measurements of other vehicles is not provided in the text, but it is clear that the Pinto's design was less safe due to this limitation.
Is correct: True
--------------------------------------------------

Q: How did Ford's internal memo about the cost-benefit analysis of safety improvements come to light during the trial?
Expected A: Through the testimony of Harley Copp
System A: Ford's internal memo about the cost-benefit analysis of safety improvements, specifically regarding the decision to defer the adoption of "flak suits" or "bladders" in their vehicles, was presented as Exhibit No. 125 during the trial. The memo was referenced by Grimshaw's counsel to argue that Ford had knowledge of the safety issues and chose to prioritize cost savings over safety. However, the records detailing how the memo came to light or the precise circumstances of its introduction into evidence are not provided in the text. The memo was discussed in the context of the trial to illustrate Ford's internal discussions about the financial implications of safety enhancements.
Is correct: True
--------------------------------------------------

Q: What is the author's goal in taking notes?
Expected A: To learn things once and use them forever
System A: The author's goal in taking notes is to distill important information and insights from the material being read. This process involves highlighting key points and organizing notes in a way that facilitates easier review and retention. The author uses tools like the Kindle app for highlighting and Evernote for compiling and searching notes later. There is a focus on collecting and preserving meaningful thoughts rather than overloading with excessive details. 

Specific information about the author's overall philosophy regarding note-taking is provided, but there are no details about any particular goals beyond efficient organization and later reference of the notes.
Is correct: True
--------------------------------------------------

Q: How does the author describe this book compared to his others?
Expected A: A compendium of recipes for high performance that he never planned on publishing
System A: The author describes this book, "Tools of Titans," as a response to frequent questions about how he would update his previous works, "The 4-Hour Workweek," "The 4-Hour Body," and "The 4-Hour Chef." He notes that this book contains many of the answers to those questions and serves as a compilation of strategies, tools, and advice from a wide range of successful individuals. It differs from his earlier books by being structured around the themes of being healthy, wealthy, and wise, and emphasizes practical tactics that have been vetted and explored in the author's own life. The focus is on actionable insights from various guests rather than solely on the author's personal experiences or narratives, as seen in previous books. 

What is missing from the context is a direct comparison of the specific themes or styles of "Tools of Titans" versus his earlier works; however, the overall intent seems to focus on broader, more inclusive learnings from multiple high-achievers rather than just his own methodologies.
Is correct: True
--------------------------------------------------

Q: What is the first rule the author gives for reading the book?
Expected A: Skip liberally
System A: The first rule the author gives for reading the book is: "If you don’t have the patience to read something, don’t have the hubris to comment on it." This rule emphasizes the importance of careful consideration and understanding before making judgments or sharing opinions.
Is correct: False
--------------------------------------------------

Q: What exercise does Coach Sommer borrow from Donnie Thompson?
Expected A: The QL walk, also called the 'butt walk'
System A: The specific exercise that Coach Sommer borrows from Donnie Thompson is not mentioned in the provided text. The text discusses various training methodologies and exercises but does not explicitly identify any particular exercise linked to Donnie Thompson. Thus, detailed information regarding the exercise is missing.
Is correct: True
--------------------------------------------------

Q: What is Peter Attia's goal in using a continuous glucose monitor?
Expected A: To keep his average glucose and glucose variability low
System A: Peter Attia's goal in using a continuous glucose monitor (Dexcom G5) is to keep his average glucose levels low and maintain low glucose variability. Specifically, he aims to keep his average glucose at 84 to 88 mg/dl and his standard deviation below 15 mg/dl. This approach is part of his desire to minimize insulin levels over time and optimize his metabolic health.
Is correct: True
--------------------------------------------------

Q: What is Pavel's advice when in doubt about what to train?
Expected A: Train your grip and your core
System A: The specific advice from Pavel regarding what to train when in doubt is not provided in the text chunks. There is a mention of his quote, "'You can be anything you want. But you must be strong first,'" which emphasizes the importance of strength. However, details on what to train or how to decide when in doubt are missing. The context suggests that he values strength as foundational but does not elaborate further on training suggestions.
Is correct: True
--------------------------------------------------

Q: Which book does Ramit Sethi recommend for understanding persuasion?
Expected A: Age of Propaganda: The Everyday Use and Abuse of Persuasion by Anthony Pratkanis and Elliot Aronson
System A: Ramit Sethi recommends "The Power of Persuasion" by Robert Levine for understanding persuasion. This book is noted for its depth and effectiveness in teaching the skill of persuasion. There is no additional context provided about the content of the book or why he recommends it.
Is correct: True
--------------------------------------------------

Q: What is the author's goal in taking notes?
Expected A: To learn things once and use them forever
System A: The author's goal in taking notes is to distill important information and insights from books, which includes highlighting passages and creating a centralized index for easy review later. The author mentions using tools like Kindle notes, Evernote, and even capturing images of text to ensure that valuable insights are not lost and can be recalled efficiently. This process reflects a systematic approach to learning and retaining knowledge. 

The specific preferences of the author for how to take notes are provided, but detailed personal motivations or experiences beyond the organization and retention of knowledge are not explicitly mentioned in the text.
Is correct: True
--------------------------------------------------

Q: How does the author describe this book compared to his others?
Expected A: A compendium of recipes for high performance that he never planned on publishing
System A: The author describes this book as a culmination of answers to questions often asked about his previous works, specifically The 4-Hour Workweek, The 4-Hour Body, and The 4-Hour Chef. He indicates that it is organized around three sections: Healthy, Wealthy, and Wise, emphasizing that these aspects are interdependent and essential for sustainable success and happiness. He also mentions that this book contains more comprehensive insights and lessons that have been "vetted, explored, and applied" in his own life, in contrast to his earlier books. However, specific details about how it differs in content or structure from the others are not thoroughly explained in the text. What's missing is a direct comparison of the themes or methodologies of this book versus his earlier works.
Is correct: True
--------------------------------------------------

Q: What is the first rule the author gives for reading the book?
Expected A: Skip liberally
System A: The context provided does not explicitly state the first rule for reading the book. However, it discusses the importance of retaining information and the deliberate construction of the book to maximize retention through engaging content, humor, and emotional resonance. The author emphasizes that information without emotion isn't retained and suggests that readers should interact with the material in a way that suits them best, such as noting quotes or concepts. 

What is missing is a clear, enumerated rule specifically designated as the "first rule" for reading the book.
Is correct: False
--------------------------------------------------

Q: What exercise does Coach Sommer borrow from Donnie Thompson?
Expected A: The QL walk, also called the 'butt walk'
System A: The context does not provide specific information about any exercise that Coach Sommer borrows from Donnie Thompson. While it mentions Coach Sommer and his methodologies, there is no mention of a corresponding exercise linked to Donnie Thompson. Therefore, the specific exercise remains unknown based on the provided text.
Is correct: True
--------------------------------------------------

Q: What is Peter Attia's goal in using a continuous glucose monitor?
Expected A: To keep his average glucose and glucose variability low
System A: Peter Attia's goal in using a continuous glucose monitor is to keep his average glucose levels and glucose variability low. He aims to maintain his average glucose (per 24-hour period) at 84 to 88 mg/dL and his standard deviation below 15, as this approximates minimizing his insulin "area under the curve" (AUC).
Is correct: True
--------------------------------------------------

Q: What is Pavel's advice when in doubt about what to train?
Expected A: Train your grip and your core
System A: The context does not contain specific information regarding Pavel's advice when in doubt about what to train. It primarily includes anecdotes and quotes from various individuals on topics such as life lessons, creativity, and approaches to challenges. Therefore, the exact advice from Pavel is missing in the provided text chunks.
Is correct: True
--------------------------------------------------

Q: Which book does Ramit Sethi recommend for understanding persuasion?
Expected A: Age of Propaganda: The Everyday Use and Abuse of Persuasion by Anthony Pratkanis and Elliot Aronson
System A: Ramit Sethi recommends "Age of Propaganda" by Anthony Pratkanis and Elliot Aronson for understanding persuasion.
Is correct: True
--------------------------------------------------

Q: What types of meditation does the author recommend?
Expected A: The author recommends several types of meditation, including Transcendental Meditation (TM), vipassana, guided meditations, and mantra-based meditation. He also mentions using apps like Headspace and Calm, as well as listening to guided meditations from Sam Harris and Tara Brach.
System A: The context does not provide specific details about the types of meditation that the author recommends. It only mentions that an idea for the film "Chef" came to the author during a meditation session, implying that meditation is a practice that can inspire creativity. However, there is no explicit discussion of different types of meditation or recommendations on how to practice them. Therefore, specific information about the types of meditation is missing from the provided context.
Is correct: True
--------------------------------------------------

Q: What does the author say about fasting?
Expected A: The author doesn't provide detailed information about fasting in the given excerpts. However, he mentions 'strategic fasting' as one of the small things that can lead to big changes when done consistently.
System A: The author discusses fasting as a therapeutic practice that can have significant health benefits. Citing personal experience, the author initially undertook fasting to address severe symptoms of Lyme disease after other treatments failed, leading to notable improvements in health and well-being. The author mentions different types of fasting, advocating for prolonged fasts (such as 3-day or 5- to 7-day fasts) a few times per year. 

Key points include:
- Fasting may help purge precancerous cells and reboot the immune system through regeneration.
- Specific fasting protocols, such as the 3-day fast conducted monthly and longer fasts quarterly, are recommended.
- The author emphasizes the importance of sustained hydration and moderate exercise (like brisk walking) during fasting.
- Evidence suggests that entering ketosis quickly during a fast can prevent muscle loss, a notable benefit contrasted with previous fasting experiences that led to significant muscle loss.

Overall, the author presents fasting not only as a potential remedy for health issues but also as part of a broader lifestyle strategy for maintaining wellness. The details of specific fasting practices and personal insights into the experience are provided, representing substantial personal knowledge and research on the topic.
Is correct: True
--------------------------------------------------

Q: What meditation techniques does the author describe?
Expected A: The author describes several meditation techniques, including using apps like Headspace and Calm, listening to guided meditations, Transcendental Meditation (TM), mantra-based meditation, and vipassana. He also mentions Sam Harris's technique of paying close attention to present experiences and Chade-Meng Tan's exercises.
System A: The original text does not provide specific details about meditation techniques employed by the author or interviewees. Instead, it mentions that many interviewees have some form of daily mindfulness or meditation practice, indicating a general trend rather than specific techniques. Additional information about the exact methods or practices used by the individuals interviewed is absent from the provided text.
Is correct: True
--------------------------------------------------

Q: Compile a list of all the books recommended by the author in the given excerpts.
Expected A: Based on the provided excerpts, the author recommends the following books: Sapiens, Poor Charlie's Almanack, Influence, and Man's Search for Meaning.
System A: The recommended books mentioned in the excerpts are:

1. **Bird by Bird** by Anne Lamott
2. **The Best American Essays** (various contributors)
3. **Wild** by Cheryl Strayed
4. **Tiny Beautiful Things** by Cheryl Strayed
5. **Brave Enough** by Cheryl Strayed
6. **Torch** by Cheryl Strayed
7. **Goals: Setting and Achieving Them on Schedule** by Zig Ziglar
8. **How to Stay Motivated** by Zig Ziglar
9. **Secrets of Closing the Sale** by Zig Ziglar
10. **Works of Pema Chödrön**
11. **The Art of Possibility** by Rosamund Stone Zander and Benjamin Zander
12. **The War of Art** by Steven Pressfield
13. **Just Kids** by Patti Smith
14. **Debt** by David Graeber
15. **The Living Gita: The Complete Bhagavad Gita—A Commentary for Modern Readers** by Sri Swami Satchidananda
16. **The Power of Myth** by Joseph Campbell
17. **The Hero with a Thousand Faces** by Joseph Campbell
18. **How Proust Can Change Your Life** by Alain de Botton
19. **Essays in Love** by Alain de Botton
20. **Status Anxiety** by Alain de Botton
21. **The Architecture of Happiness** by Alain de Botton
22. **The News: A User’s Manual** by Alain de Botton
23. **Art as Therapy** by Alain de Botton
24. **The Unbearable Lightness of Being** by Milan Kundera
25. **The Up series** (documentary series)

These titles cover a variety of genres and themes, reflecting the diverse influences and recommendations from the individuals quoted in the text. However, the context does not provide specific page numbers or additional details on each text’s significance.
Is correct: True
--------------------------------------------------

Q: What is the author's perspective on the importance of meditation for high performers?
Expected A: The author views meditation as crucial for high performers, stating that more than 80% of the world-class performers he's interviewed have some form of daily meditation or mindfulness practice. He describes it as a 'meta-skill' that improves everything else and helps in cultivating present-state awareness, reducing stress, and improving focus.
System A: The author highlights that many world-class performers meditate in the mornings in some form, indicating its significant role in enhancing performance and mental clarity. Meditation is presented as a common practice among high achievers, suggesting it contributes positively to their focus and overall effectiveness. However, the text does not provide specific details on personal experiences or studies that quantify the benefits of meditation for high performers, thus leaving a gap in empirical evidence or analysis of the practice's impact.
Is correct: True
--------------------------------------------------

Q: How does the author describe the benefits of intensive meditation retreats?
Expected A: The author describes intensive meditation retreats as crucial for developing true meditation skills. He mentions that they serve as a 'crucible' where one can develop enough energy and attention to break through to another level of practice, potentially revealing that previous daily meditation efforts were ineffective.
System A: The author describes the benefits of intensive meditation retreats as a way to develop enough energy and attention to break through to another level of meditation. The author reflects on their experience of having diligently practiced meditation for a year before attending their first 10-day retreat, realizing that their prior practice had largely been just "thinking with [their] legs crossed." The retreats provide a focused environment where participants can reach deeper levels of meditation and clarity that regular practice may not achieve. However, specific techniques or outcomes from these retreats beyond personal anecdote are not detailed in the context provided.
Is correct: True
--------------------------------------------------

Q: What is the author's approach to goal-setting and appreciation?
Expected A: The author emphasizes the importance of cultivating daily appreciation and present-state awareness, especially for achievement-oriented individuals. He uses tools like the 5-Minute Journal, the Jar of Awesome, and thinking of 'daily wins' before bed. He states that achievement alone is insufficient for happiness and that one must learn to want what they already have.
System A: The author emphasizes a unique approach to goal-setting that involves cultivating daily appreciation and present-state awareness, particularly through the question "Could it be that everything is fine and complete as is?" This reflects a shift from a constant focus on future goals to valuing what one currently has. The author also incorporates tools and rituals, such as the 5-Minute Journal and the concept of recognizing "daily wins," to enhance this sense of appreciation. 

However, while the author discusses the importance of wanting what one already has rather than merely pursuing new achievements, there is no detailed methodology outlined for setting specific goals or measuring success in this context.
Is correct: True
--------------------------------------------------
